<?xml version="1.0" encoding="UTF-8"?>
<!-- Generated by org.testng.reporters.JUnitReportReporter -->
<testsuite skipped="0" hostname="DESKTOP-5BST77R" name="com.actionclass.ActionClass" tests="1" failures="0" timestamp="2020-05-21T14:54:55 IST" time="29.924" errors="0">
  <testcase name="actions" time="29.924" classname="com.actionclass.ActionClass"/>
</testsuite> <!-- com.actionclass.ActionClass -->
