<?xml version="1.0" encoding="UTF-8"?>
<!-- Generated by org.testng.reporters.JUnitReportReporter -->
<testsuite skipped="0" hostname="DESKTOP-5BST77R" name="com.selenium.grid.SeleniumGrid" tests="1" failures="0" timestamp="2020-05-15T17:11:41 IST" time="59.469" errors="0">
  <testcase name="gridMethod" time="59.469" classname="com.selenium.grid.SeleniumGrid"/>
</testsuite> <!-- com.selenium.grid.SeleniumGrid -->
